c:\users\dell\desktop\projectpaint\19120547\ooplibshapes\x64\release\ooplibshapes.pdb
c:\users\dell\desktop\projectpaint\19120547\ooplibshapes\ooplibshapes\x64\release\square.obj
c:\users\dell\desktop\projectpaint\19120547\ooplibshapes\ooplibshapes\x64\release\singleton.obj
c:\users\dell\desktop\projectpaint\19120547\ooplibshapes\ooplibshapes\x64\release\rectangle.obj
c:\users\dell\desktop\projectpaint\19120547\ooplibshapes\ooplibshapes\x64\release\point.obj
c:\users\dell\desktop\projectpaint\19120547\ooplibshapes\ooplibshapes\x64\release\line.obj
c:\users\dell\desktop\projectpaint\19120547\ooplibshapes\ooplibshapes\x64\release\function.obj
c:\users\dell\desktop\projectpaint\19120547\ooplibshapes\ooplibshapes\x64\release\circle.obj
c:\users\dell\desktop\projectpaint\19120547\ooplibshapes\x64\release\circle.h
c:\users\dell\desktop\projectpaint\19120547\ooplibshapes\x64\release\line.h
c:\users\dell\desktop\projectpaint\19120547\ooplibshapes\x64\release\rectangle.h
c:\users\dell\desktop\projectpaint\19120547\ooplibshapes\x64\release\point.h
c:\users\dell\desktop\projectpaint\19120547\ooplibshapes\x64\release\function.h
c:\users\dell\desktop\projectpaint\19120547\ooplibshapes\x64\release\singleton.h
c:\users\dell\desktop\projectpaint\19120547\ooplibshapes\x64\release\square.h
c:\users\dell\desktop\projectpaint\19120547\ooplibshapes\x64\release\ooplibshapes.lib
c:\users\dell\desktop\projectpaint\19120547\ooplibshapes\ooplibshapes\x64\release\ooplibshapes.tlog\cl.command.1.tlog
c:\users\dell\desktop\projectpaint\19120547\ooplibshapes\ooplibshapes\x64\release\ooplibshapes.tlog\cl.read.1.tlog
c:\users\dell\desktop\projectpaint\19120547\ooplibshapes\ooplibshapes\x64\release\ooplibshapes.tlog\cl.write.1.tlog
c:\users\dell\desktop\projectpaint\19120547\ooplibshapes\ooplibshapes\x64\release\ooplibshapes.tlog\copyfile.command.1.tlog
c:\users\dell\desktop\projectpaint\19120547\ooplibshapes\ooplibshapes\x64\release\ooplibshapes.tlog\copyfile.read.1.tlog
c:\users\dell\desktop\projectpaint\19120547\ooplibshapes\ooplibshapes\x64\release\ooplibshapes.tlog\copyfile.write.1.tlog
c:\users\dell\desktop\projectpaint\19120547\ooplibshapes\ooplibshapes\x64\release\ooplibshapes.tlog\lib-link.read.1.tlog
c:\users\dell\desktop\projectpaint\19120547\ooplibshapes\ooplibshapes\x64\release\ooplibshapes.tlog\lib-link.write.1.tlog
c:\users\dell\desktop\projectpaint\19120547\ooplibshapes\ooplibshapes\x64\release\ooplibshapes.tlog\lib.command.1.tlog
